  bsp_parser.cpp
C:\Users\dimad\Downloads\le_chiffre-main\Le_Chiffre\bsp_parser\valve-bsp-parser\core\matrix.hpp(5,22): error C2429: language feature 'nested-namespace-definition' requires compiler flag '/std:c++17'
  (compiling source file 'bsp_parser/bsp_parser.cpp')
  
C:\Users\dimad\Downloads\le_chiffre-main\Le_Chiffre\bsp_parser\valve-bsp-parser\core\matrix.hpp(11,25): error C2039: 'clamp': is not a member of 'std'
  (compiling source file 'bsp_parser/bsp_parser.cpp')
  C:\Program Files\Microsoft Visual Studio\2022\Community\VC\Tools\MSVC\14.39.33519\include\vector(25,1):
  see declaration of 'std'
  C:\Users\dimad\Downloads\le_chiffre-main\Le_Chiffre\bsp_parser\valve-bsp-parser\core\matrix.hpp(11,25):
  the template instantiation context (the oldest one first) is
  	C:\Users\dimad\Downloads\le_chiffre-main\Le_Chiffre\bsp_parser\valve-bsp-parser\core\matrix.hpp(7,11):
  	while compiling class template 'rn::detail::matrix_t'
  
C:\Users\dimad\Downloads\le_chiffre-main\Le_Chiffre\bsp_parser\valve-bsp-parser\core\valve_structs.hpp(10,21): error C2429: language feature 'nested-namespace-definition' requires compiler flag '/std:c++17'
  (compiling source file 'bsp_parser/bsp_parser.cpp')
  
C:\Users\dimad\Downloads\le_chiffre-main\Le_Chiffre\bsp_parser\bsp_parser.cpp(46,21): error C3083: 'filesystem': the symbol to the left of a '::' must be a type
C:\Users\dimad\Downloads\le_chiffre-main\Le_Chiffre\bsp_parser\bsp_parser.cpp(46,33): error C2039: 'path': is not a member of 'std'
  C:\Program Files\Microsoft Visual Studio\2022\Community\VC\Tools\MSVC\14.39.33519\include\shared_mutex(26,1):
  see declaration of 'std'
  
C:\Users\dimad\Downloads\le_chiffre-main\Le_Chiffre\bsp_parser\bsp_parser.cpp(46,33): error C3861: 'path': identifier not found
C:\Program Files\Microsoft Visual Studio\2022\Community\VC\Tools\MSVC\14.39.33519\include\filesystem(12): warning STL4038: The contents of <filesystem> are available only with C++17 or later.
  client.hpp
C:\Users\dimad\Downloads\le_chiffre-main\Le_Chiffre\memory.hpp(71,14): warning C4311: 'type cast': pointer truncation from 'BYTE *' to 'DWORD'
  (compiling source file 'client.hpp')
  
C:\Users\dimad\Downloads\le_chiffre-main\Le_Chiffre\memory.hpp(71,14): warning C4302: 'type cast': truncation from 'BYTE *' to 'DWORD'
  (compiling source file 'client.hpp')
  
C:\Users\dimad\Downloads\le_chiffre-main\Le_Chiffre\bsp_parser\valve-bsp-parser\core\matrix.hpp(5,22): error C2429: language feature 'nested-namespace-definition' requires compiler flag '/std:c++17'
  (compiling source file 'client.hpp')
  
C:\Users\dimad\Downloads\le_chiffre-main\Le_Chiffre\bsp_parser\valve-bsp-parser\core\matrix.hpp(11,72): warning C4003: not enough arguments for function-like macro invocation 'min'
  (compiling source file 'client.hpp')
  
C:\Users\dimad\Downloads\le_chiffre-main\Le_Chiffre\bsp_parser\valve-bsp-parser\core\matrix.hpp(11,72): error C2589: '(': illegal token on right side of '::'
  (compiling source file 'client.hpp')
  C:\Users\dimad\Downloads\le_chiffre-main\Le_Chiffre\bsp_parser\valve-bsp-parser\core\matrix.hpp(11,72):
  the template instantiation context (the oldest one first) is
  	C:\Users\dimad\Downloads\le_chiffre-main\Le_Chiffre\bsp_parser\valve-bsp-parser\core\matrix.hpp(7,11):
  	while compiling class template 'rn::detail::matrix_t'
  
C:\Users\dimad\Downloads\le_chiffre-main\Le_Chiffre\bsp_parser\valve-bsp-parser\core\matrix.hpp(11,72): error C3878: syntax error: unexpected token '(' following 'expression'
  (compiling source file 'client.hpp')
  
C:\Users\dimad\Downloads\le_chiffre-main\Le_Chiffre\bsp_parser\valve-bsp-parser\core\matrix.hpp(11,72): message : error recovery skipped: '( ('
  (compiling source file 'client.hpp')
  
C:\Users\dimad\Downloads\le_chiffre-main\Le_Chiffre\bsp_parser\valve-bsp-parser\core\matrix.hpp(11,72): error C2760: syntax error: ')' was unexpected here; expected ';'
  (compiling source file 'client.hpp')
  
C:\Users\dimad\Downloads\le_chiffre-main\Le_Chiffre\bsp_parser\valve-bsp-parser\core\matrix.hpp(11,72): error C3878: syntax error: unexpected token ')' following 'jump_statement'
  (compiling source file 'client.hpp')
  
C:\Users\dimad\Downloads\le_chiffre-main\Le_Chiffre\bsp_parser\valve-bsp-parser\core\matrix.hpp(11,72): message : error recovery skipped: ') <'
  (compiling source file 'client.hpp')
  
C:\Users\dimad\Downloads\le_chiffre-main\Le_Chiffre\bsp_parser\valve-bsp-parser\core\matrix.hpp(11,72): error C2760: syntax error: ')' was unexpected here; expected 'expression'
  (compiling source file 'client.hpp')
  
C:\Users\dimad\Downloads\le_chiffre-main\Le_Chiffre\bsp_parser\valve-bsp-parser\core\matrix.hpp(11,72): error C3878: syntax error: unexpected token ')' following 'expression_statement'
  (compiling source file 'client.hpp')
  
C:\Users\dimad\Downloads\le_chiffre-main\Le_Chiffre\bsp_parser\valve-bsp-parser\core\matrix.hpp(11,72): message : error recovery skipped: ') ) ?'
  (compiling source file 'client.hpp')
  
C:\Users\dimad\Downloads\le_chiffre-main\Le_Chiffre\bsp_parser\valve-bsp-parser\core\matrix.hpp(11,72): message : error recovery skipped: ') :'
  (compiling source file 'client.hpp')
  
C:\Users\dimad\Downloads\le_chiffre-main\Le_Chiffre\bsp_parser\valve-bsp-parser\core\matrix.hpp(11,72): message : error recovery skipped: ') ) ,'
  (compiling source file 'client.hpp')
  
C:\Users\dimad\Downloads\le_chiffre-main\Le_Chiffre\bsp_parser\valve-bsp-parser\core\matrix.hpp(11,89): error C2760: syntax error: ')' was unexpected here; expected ';'
  (compiling source file 'client.hpp')
  
C:\Users\dimad\Downloads\le_chiffre-main\Le_Chiffre\bsp_parser\valve-bsp-parser\core\matrix.hpp(11,89): error C3878: syntax error: unexpected token ')' following 'expression_statement'
  (compiling source file 'client.hpp')
  
C:\Users\dimad\Downloads\le_chiffre-main\Le_Chiffre\bsp_parser\valve-bsp-parser\core\matrix.hpp(11,89): message : error recovery skipped: ')'
  (compiling source file 'client.hpp')
  
C:\Users\dimad\Downloads\le_chiffre-main\Le_Chiffre\bsp_parser\valve-bsp-parser\core\matrix.hpp(429,38): error C2589: '(': illegal token on right side of '::'
  (compiling source file 'client.hpp')
  C:\Users\dimad\Downloads\le_chiffre-main\Le_Chiffre\bsp_parser\valve-bsp-parser\core\matrix.hpp(425,19):
  This diagnostic occurred in the compiler generated function 'float rn::detail::matrix_t<num_rows,num_cols>::dot(const rn::detail::matrix_t<rhs_num_rows,rhs_num_cols> &) const'
  
C:\Users\dimad\Downloads\le_chiffre-main\Le_Chiffre\bsp_parser\valve-bsp-parser\core\matrix.hpp(429,38): error C2760: syntax error: ')' was unexpected here; expected ';'
  (compiling source file 'client.hpp')
  C:\Users\dimad\Downloads\le_chiffre-main\Le_Chiffre\bsp_parser\valve-bsp-parser\core\matrix.hpp(425,19):
  This diagnostic occurred in the compiler generated function 'float rn::detail::matrix_t<num_rows,num_cols>::dot(const rn::detail::matrix_t<rhs_num_rows,rhs_num_cols> &) const'
  
C:\Users\dimad\Downloads\le_chiffre-main\Le_Chiffre\bsp_parser\valve-bsp-parser\core\matrix.hpp(429,38): error C3878: syntax error: unexpected token ')' following 'expression_statement'
  (compiling source file 'client.hpp')
  C:\Users\dimad\Downloads\le_chiffre-main\Le_Chiffre\bsp_parser\valve-bsp-parser\core\matrix.hpp(425,19):
  This diagnostic occurred in the compiler generated function 'float rn::detail::matrix_t<num_rows,num_cols>::dot(const rn::detail::matrix_t<rhs_num_rows,rhs_num_cols> &) const'
  
C:\Users\dimad\Downloads\le_chiffre-main\Le_Chiffre\bsp_parser\valve-bsp-parser\core\matrix.hpp(429,38): message : error recovery skipped: ')'
  (compiling source file 'client.hpp')
  C:\Users\dimad\Downloads\le_chiffre-main\Le_Chiffre\bsp_parser\valve-bsp-parser\core\matrix.hpp(425,19):
  This diagnostic occurred in the compiler generated function 'float rn::detail::matrix_t<num_rows,num_cols>::dot(const rn::detail::matrix_t<rhs_num_rows,rhs_num_cols> &) const'
  
  Le_Chiffre.cpp
C:\Users\dimad\Downloads\le_chiffre-main\Le_Chiffre\memory.hpp(71,14): warning C4311: 'type cast': pointer truncation from 'BYTE *' to 'DWORD'
  (compiling source file 'Le_Chiffre.cpp')
  
C:\Users\dimad\Downloads\le_chiffre-main\Le_Chiffre\memory.hpp(71,14): warning C4302: 'type cast': truncation from 'BYTE *' to 'DWORD'
  (compiling source file 'Le_Chiffre.cpp')
  
C:\Users\dimad\Downloads\le_chiffre-main\Le_Chiffre\bsp_parser\valve-bsp-parser\core\matrix.hpp(5,22): error C2429: language feature 'nested-namespace-definition' requires compiler flag '/std:c++17'
  (compiling source file 'Le_Chiffre.cpp')
  
C:\Users\dimad\Downloads\le_chiffre-main\Le_Chiffre\bsp_parser\valve-bsp-parser\core\matrix.hpp(11,72): warning C4003: not enough arguments for function-like macro invocation 'min'
  (compiling source file 'Le_Chiffre.cpp')
  
C:\Users\dimad\Downloads\le_chiffre-main\Le_Chiffre\bsp_parser\valve-bsp-parser\core\matrix.hpp(11,72): error C2589: '(': illegal token on right side of '::'
  (compiling source file 'Le_Chiffre.cpp')
  C:\Users\dimad\Downloads\le_chiffre-main\Le_Chiffre\bsp_parser\valve-bsp-parser\core\matrix.hpp(11,72):
  the template instantiation context (the oldest one first) is
  	C:\Users\dimad\Downloads\le_chiffre-main\Le_Chiffre\bsp_parser\valve-bsp-parser\core\matrix.hpp(7,11):
  	while compiling class template 'rn::detail::matrix_t'
  
C:\Users\dimad\Downloads\le_chiffre-main\Le_Chiffre\bsp_parser\valve-bsp-parser\core\matrix.hpp(11,72): error C3878: syntax error: unexpected token '(' following 'expression'
  (compiling source file 'Le_Chiffre.cpp')
  
C:\Users\dimad\Downloads\le_chiffre-main\Le_Chiffre\bsp_parser\valve-bsp-parser\core\matrix.hpp(11,72): message : error recovery skipped: '( ('
  (compiling source file 'Le_Chiffre.cpp')
  
C:\Users\dimad\Downloads\le_chiffre-main\Le_Chiffre\bsp_parser\valve-bsp-parser\core\matrix.hpp(11,72): error C2760: syntax error: ')' was unexpected here; expected ';'
  (compiling source file 'Le_Chiffre.cpp')
  
C:\Users\dimad\Downloads\le_chiffre-main\Le_Chiffre\bsp_parser\valve-bsp-parser\core\matrix.hpp(11,72): error C3878: syntax error: unexpected token ')' following 'jump_statement'
  (compiling source file 'Le_Chiffre.cpp')
  
C:\Users\dimad\Downloads\le_chiffre-main\Le_Chiffre\bsp_parser\valve-bsp-parser\core\matrix.hpp(11,72): message : error recovery skipped: ') <'
  (compiling source file 'Le_Chiffre.cpp')
  
C:\Users\dimad\Downloads\le_chiffre-main\Le_Chiffre\bsp_parser\valve-bsp-parser\core\matrix.hpp(11,72): error C2760: syntax error: ')' was unexpected here; expected 'expression'
  (compiling source file 'Le_Chiffre.cpp')
  
C:\Users\dimad\Downloads\le_chiffre-main\Le_Chiffre\bsp_parser\valve-bsp-parser\core\matrix.hpp(11,72): error C3878: syntax error: unexpected token ')' following 'expression_statement'
  (compiling source file 'Le_Chiffre.cpp')
  
C:\Users\dimad\Downloads\le_chiffre-main\Le_Chiffre\bsp_parser\valve-bsp-parser\core\matrix.hpp(11,72): message : error recovery skipped: ') ) ?'
  (compiling source file 'Le_Chiffre.cpp')
  
C:\Users\dimad\Downloads\le_chiffre-main\Le_Chiffre\bsp_parser\valve-bsp-parser\core\matrix.hpp(11,72): message : error recovery skipped: ') :'
  (compiling source file 'Le_Chiffre.cpp')
  
C:\Users\dimad\Downloads\le_chiffre-main\Le_Chiffre\bsp_parser\valve-bsp-parser\core\matrix.hpp(11,72): message : error recovery skipped: ') ) ,'
  (compiling source file 'Le_Chiffre.cpp')
  
C:\Users\dimad\Downloads\le_chiffre-main\Le_Chiffre\bsp_parser\valve-bsp-parser\core\matrix.hpp(11,89): error C2760: syntax error: ')' was unexpected here; expected ';'
  (compiling source file 'Le_Chiffre.cpp')
  
C:\Users\dimad\Downloads\le_chiffre-main\Le_Chiffre\bsp_parser\valve-bsp-parser\core\matrix.hpp(11,89): error C3878: syntax error: unexpected token ')' following 'expression_statement'
  (compiling source file 'Le_Chiffre.cpp')
  
C:\Users\dimad\Downloads\le_chiffre-main\Le_Chiffre\bsp_parser\valve-bsp-parser\core\matrix.hpp(11,89): message : error recovery skipped: ')'
  (compiling source file 'Le_Chiffre.cpp')
  
C:\Users\dimad\Downloads\le_chiffre-main\Le_Chiffre\bsp_parser\valve-bsp-parser\core\matrix.hpp(429,38): error C2589: '(': illegal token on right side of '::'
  (compiling source file 'Le_Chiffre.cpp')
  C:\Users\dimad\Downloads\le_chiffre-main\Le_Chiffre\bsp_parser\valve-bsp-parser\core\matrix.hpp(425,19):
  This diagnostic occurred in the compiler generated function 'float rn::detail::matrix_t<num_rows,num_cols>::dot(const rn::detail::matrix_t<rhs_num_rows,rhs_num_cols> &) const'
  
C:\Users\dimad\Downloads\le_chiffre-main\Le_Chiffre\bsp_parser\valve-bsp-parser\core\matrix.hpp(429,38): error C2760: syntax error: ')' was unexpected here; expected ';'
  (compiling source file 'Le_Chiffre.cpp')
  C:\Users\dimad\Downloads\le_chiffre-main\Le_Chiffre\bsp_parser\valve-bsp-parser\core\matrix.hpp(425,19):
  This diagnostic occurred in the compiler generated function 'float rn::detail::matrix_t<num_rows,num_cols>::dot(const rn::detail::matrix_t<rhs_num_rows,rhs_num_cols> &) const'
  
C:\Users\dimad\Downloads\le_chiffre-main\Le_Chiffre\bsp_parser\valve-bsp-parser\core\matrix.hpp(429,38): error C3878: syntax error: unexpected token ')' following 'expression_statement'
  (compiling source file 'Le_Chiffre.cpp')
  C:\Users\dimad\Downloads\le_chiffre-main\Le_Chiffre\bsp_parser\valve-bsp-parser\core\matrix.hpp(425,19):
  This diagnostic occurred in the compiler generated function 'float rn::detail::matrix_t<num_rows,num_cols>::dot(const rn::detail::matrix_t<rhs_num_rows,rhs_num_cols> &) const'
  
C:\Users\dimad\Downloads\le_chiffre-main\Le_Chiffre\bsp_parser\valve-bsp-parser\core\matrix.hpp(429,38): message : error recovery skipped: ')'
  (compiling source file 'Le_Chiffre.cpp')
  C:\Users\dimad\Downloads\le_chiffre-main\Le_Chiffre\bsp_parser\valve-bsp-parser\core\matrix.hpp(425,19):
  This diagnostic occurred in the compiler generated function 'float rn::detail::matrix_t<num_rows,num_cols>::dot(const rn::detail::matrix_t<rhs_num_rows,rhs_num_cols> &) const'
  
C:\Users\dimad\Downloads\le_chiffre-main\Le_Chiffre\bsp_parser\valve-bsp-parser\core\valve_structs.hpp(10,21): error C2429: language feature 'nested-namespace-definition' requires compiler flag '/std:c++17'
  (compiling source file 'Le_Chiffre.cpp')
  
C:\Users\dimad\Downloads\le_chiffre-main\Le_Chiffre\misc\console_io.hpp(84,14): error C4996: 'wcscpy': This function or variable may be unsafe. Consider using wcscpy_s instead. To disable deprecation, use _CRT_SECURE_NO_WARNINGS. See online help for details.
  (compiling source file 'Le_Chiffre.cpp')
  
C:\Users\dimad\Downloads\le_chiffre-main\Le_Chiffre\misc\console_io.hpp(99,18): error C4996: 'wcscpy': This function or variable may be unsafe. Consider using wcscpy_s instead. To disable deprecation, use _CRT_SECURE_NO_WARNINGS. See online help for details.
  (compiling source file 'Le_Chiffre.cpp')
  
C:\Users\dimad\Downloads\le_chiffre-main\Le_Chiffre\misc\console_io.hpp(108,18): error C4996: 'wcscpy': This function or variable may be unsafe. Consider using wcscpy_s instead. To disable deprecation, use _CRT_SECURE_NO_WARNINGS. See online help for details.
  (compiling source file 'Le_Chiffre.cpp')
  
  Generating Code...
